[debug] [2026-07-02T02:06:53.922Z] ----------------------------------------------------------------------
[debug] [2026-07-02T02:06:53.925Z] Command:       C:\Program Files\nodejs\node.exe C:\Users\User\AppData\Roaming\npm\node_modules\firebase-tools\lib\bin\firebase.js init
[debug] [2026-07-02T02:06:53.926Z] CLI Version:   15.22.4
[debug] [2026-07-02T02:06:53.926Z] Platform:      win32
[debug] [2026-07-02T02:06:53.926Z] Node Version:  v22.11.0
[debug] [2026-07-02T02:06:53.927Z] Detected Agent: unknown
[debug] [2026-07-02T02:06:53.927Z] Time:          Thu Jul 02 2026 10:06:53 GMT+0800 (Malaysia Time)
[debug] [2026-07-02T02:06:53.927Z] ----------------------------------------------------------------------
[debug] 
[debug] [2026-07-02T02:06:53.930Z] >>> [apiv2][query] GET https://firebase-public.firebaseio.com/cli.json [none]
[info] 
     ######## #### ########  ######## ########     ###     ######  ########
     ##        ##  ##     ## ##       ##     ##  ##   ##  ##       ##
     ######    ##  ########  ######   ########  #########  ######  ######
     ##        ##  ##    ##  ##       ##     ## ##     ##       ## ##
     ##       #### ##     ## ######## ########  ##     ##  ######  ########

You're about to initialize a Firebase project in this directory:

  C:\xampp\htdocs\breast-cancer-system

Before we get started, keep in mind:

  * You are currently outside your home directory

[debug] [2026-07-02T02:06:57.485Z] <<< [apiv2][status] GET https://firebase-public.firebaseio.com/cli.json 200
[debug] [2026-07-02T02:06:57.485Z] <<< [apiv2][body] GET https://firebase-public.firebaseio.com/cli.json {"cloudBuildErrorAfter":1594252800000,"cloudBuildWarnAfter":1590019200000,"defaultNode10After":1594252800000,"minVersion":"3.0.5","node8DeploysDisabledAfter":1613390400000,"node8RuntimeDisabledAfter":1615809600000,"node8WarnAfter":1600128000000}
